Base path: '/Applications/Unity/Hub/Editor/2020.1.17f1/Unity.app/Contents', plugins path '/Applications/Unity/Hub/Editor/2020.1.17f1/Unity.app/Contents/PlaybackEngines'
Cmd: initializeCompiler
Cmd: compileComputeKernel
  api=14 insize=4231 outsize=4312 ok=1
Cmd: compileComputeKernel
  api=14 insize=12919 outsize=3384 ok=1
Cmd: compileComputeKernel
  api=14 insize=12919 outsize=2194 ok=1
Cmd: compileComputeKernel
  api=14 insize=12919 outsize=3071 ok=1
Cmd: compileComputeKernel
  api=14 insize=4442 outsize=2709 ok=1
Cmd: compileComputeKernel
  api=14 insize=12807 outsize=2956 ok=1
Cmd: compileComputeKernel
  api=14 insize=12807 outsize=3174 ok=1
Cmd: compileComputeKernel
  api=14 insize=57129 outsize=2469 ok=1
Cmd: compileComputeKernel
  api=14 insize=57129 outsize=3374 ok=1
Cmd: compileComputeKernel
  api=14 insize=57129 outsize=2978 ok=1
Cmd: compileComputeKernel
  api=14 insize=57129 outsize=2511 ok=1
Cmd: compileComputeKernel
  api=14 insize=57129 outsize=2816 ok=1
Cmd: compileComputeKernel
  api=14 insize=57129 outsize=1994 ok=1
Cmd: compileComputeKernel
  api=14 insize=57129 outsize=1515 ok=1
Cmd: compileComputeKernel
  api=14 insize=57129 outsize=2137 ok=1
Cmd: compileComputeKernel
  api=14 insize=57129 outsize=1585 ok=1
Cmd: compileComputeKernel
  api=14 insize=57129 outsize=1308 ok=1
Cmd: compileComputeKernel
  api=14 insize=57129 outsize=1459 ok=1
Cmd: compileComputeKernel
  api=14 insize=79953 outsize=2667 ok=1
Cmd: compileComputeKernel
  api=14 insize=79953 outsize=2620 ok=1
Cmd: compileComputeKernel
  api=14 insize=79953 outsize=4073 ok=1
Cmd: compileComputeKernel
  api=14 insize=79953 outsize=3825 ok=1
Cmd: compileComputeKernel
  api=14 insize=79953 outsize=3783 ok=1
Cmd: compileComputeKernel
  api=14 insize=79953 outsize=2546 ok=1
Cmd: compileComputeKernel
  api=14 insize=79953 outsize=2638 ok=1
Cmd: compileComputeKernel
  api=14 insize=79953 outsize=2755 ok=1
Cmd: compileComputeKernel
  api=14 insize=79953 outsize=2473 ok=1
Cmd: compileComputeKernel
  api=14 insize=79953 outsize=6575 ok=1
Cmd: compileComputeKernel
  api=14 insize=79953 outsize=4970 ok=1
Cmd: compileComputeKernel
  api=14 insize=95078 outsize=3869 ok=1
Cmd: compileComputeKernel
  api=14 insize=95078 outsize=6645 ok=1
Cmd: compileComputeKernel
  api=14 insize=95078 outsize=53803 ok=1
Cmd: compileSnippet
  api=14 type=0 insize=1064 outsize=1632 kw= pd=UNITY_ENABLE_REFLECTION_BUFFERS UNITY_USE_DITHER_MASK_FOR_ALPHABLENDED_SHADOWS UNITY_PBS_USE_BRDF1 UNITY_SPECCUBE_BOX_PROJECTION UNITY_SPECCUBE_BLENDING UNITY_ENABLE_DETAIL_NORMALMAP SHADER_API_DESKTOP UNITY_COLORSPACE_GAMMA UNITY_LIGHT_PROBE_PROXY_VOLUME UNITY_LIGHTMAP_FULL_HDR dkw=UNITY_NO_DXT5nm UNITY_ENABLE_NATIVE_SHADOW_LOOKUPS UNITY_METAL_SHADOWS_USE_POINT_FILTERING UNITY_NO_SCREENSPACE_SHADOWS UNITY_PBS_USE_BRDF2 UNITY_PBS_USE_BRDF3 UNITY_NO_FULL_STANDARD_SHADER UNITY_HARDWARE_TIER1 UNITY_HARDWARE_TIER2 UNITY_HARDWARE_TIER3 UNITY_HALF_PRECISION_FRAGMENT_SHADER_REGISTERS UNITY_LIGHTMAP_DLDR_ENCODING UNITY_LIGHTMAP_RGBM_ENCODING UNITY_VIRTUAL_TEXTURING ok=1
Cmd: compileSnippet
  api=14 type=0 insize=1598 outsize=3918 kw=DIRECTIONAL LIGHTPROBE_SH _ALPHABLEND_ON pd=UNITY_ENABLE_REFLECTION_BUFFERS UNITY_USE_DITHER_MASK_FOR_ALPHABLENDED_SHADOWS UNITY_PBS_USE_BRDF1 UNITY_SPECCUBE_BOX_PROJECTION UNITY_SPECCUBE_BLENDING UNITY_ENABLE_DETAIL_NORMALMAP SHADER_API_DESKTOP UNITY_COLORSPACE_GAMMA UNITY_LIGHT_PROBE_PROXY_VOLUME UNITY_LIGHTMAP_FULL_HDR UNITY_PASS_FORWARDBASE dkw=_EMISSION FOG_LINEAR FOG_EXP FOG_EXP2 INSTANCING_ON _NORMALMAP _ALPHATEST_ON _ALPHAPREMULTIPLY_ON _SPECGLOSSMAP _DETAIL_MULX2 _SMOOTHNESS_TEXTURE_ALBEDO_CHANNEL_A _SPECULARHIGHLIGHTS_OFF _GLOSSYREFLECTIONS_OFF _PARALLAXMAP SHADOWS_SHADOWMASK DYNAMICLIGHTMAP_ON LIGHTMAP_ON LIGHTMAP_SHADOW_MIXING DIRLIGHTMAP_COMBINED SHADOWS_SCREEN VERTEXLIGHT_ON UNITY_NO_DXT5nm UNITY_ENABLE_NATIVE_SHADOW_LOOKUPS UNITY_METAL_SHADOWS_USE_POINT_FILTERING UNITY_NO_SCREENSPACE_SHADOWS UNITY_PBS_USE_BRDF2 UNITY_PBS_USE_BRDF3 UNITY_NO_FULL_STANDARD_SHADER UNITY_HARDWARE_TIER1 UNITY_HARDWARE_TIER2 UNITY_HARDWARE_TIER3 UNITY_HALF_PRECISION_FRAGMENT_SHADER_REGISTERS UNITY_LIGHTMAP_DLDR_ENCODING UNITY_LIGHTMAP_RGBM_ENCODING UNITY_VIRTUAL_TEXTURING ok=1

Quitting shader compiler process
