Base path: '/Applications/Unity/Hub/Editor/2020.1.17f1/Unity.app/Contents', plugins path '/Applications/Unity/Hub/Editor/2020.1.17f1/Unity.app/Contents/PlaybackEngines'
Cmd: initializeCompiler
Cmd: compileComputeKernel
  api=14 insize=4231 outsize=7063 ok=1
Cmd: compileComputeKernel
  api=14 insize=17013 outsize=7091 ok=1
Cmd: compileComputeKernel
  api=14 insize=12919 outsize=3121 ok=1
Cmd: compileComputeKernel
  api=14 insize=12919 outsize=2047 ok=1
Cmd: compileComputeKernel
  api=14 insize=4442 outsize=3503 ok=1
Cmd: compileComputeKernel
  api=14 insize=4442 outsize=3024 ok=1
Cmd: compileComputeKernel
  api=14 insize=12807 outsize=2962 ok=1
Cmd: compileComputeKernel
  api=14 insize=12807 outsize=2917 ok=1
Cmd: compileComputeKernel
  api=14 insize=57129 outsize=2469 ok=1
Cmd: compileComputeKernel
  api=14 insize=57129 outsize=2627 ok=1
Cmd: compileComputeKernel
  api=14 insize=57129 outsize=2613 ok=1
Cmd: compileComputeKernel
  api=14 insize=57129 outsize=2510 ok=1
Cmd: compileComputeKernel
  api=14 insize=57129 outsize=2900 ok=1
Cmd: compileComputeKernel
  api=14 insize=57129 outsize=2513 ok=1
Cmd: compileComputeKernel
  api=14 insize=57129 outsize=1518 ok=1
Cmd: compileComputeKernel
  api=14 insize=57129 outsize=1638 ok=1
Cmd: compileComputeKernel
  api=14 insize=57129 outsize=1455 ok=1
Cmd: compileComputeKernel
  api=14 insize=57129 outsize=1233 ok=1
Cmd: compileComputeKernel
  api=14 insize=57129 outsize=1808 ok=1
Cmd: compileComputeKernel
  api=14 insize=57129 outsize=1606 ok=1
Cmd: compileComputeKernel
  api=14 insize=57129 outsize=1291 ok=1
Cmd: compileComputeKernel
  api=14 insize=79953 outsize=3418 ok=1
Cmd: compileComputeKernel
  api=14 insize=79953 outsize=3139 ok=1
Cmd: compileComputeKernel
  api=14 insize=79953 outsize=4812 ok=1
Cmd: compileComputeKernel
  api=14 insize=79953 outsize=3783 ok=1
Cmd: compileComputeKernel
  api=14 insize=79953 outsize=3330 ok=1
Cmd: compileComputeKernel
  api=14 insize=79953 outsize=2469 ok=1
Cmd: compileComputeKernel
  api=14 insize=79953 outsize=3286 ok=1
Cmd: compileComputeKernel
  api=14 insize=79953 outsize=2755 ok=1
Cmd: compileComputeKernel
  api=14 insize=79953 outsize=2484 ok=1
Cmd: compileComputeKernel
  api=14 insize=79953 outsize=3360 ok=1
Cmd: compileComputeKernel
  api=14 insize=79953 outsize=4927 ok=1
Cmd: compileComputeKernel
  api=14 insize=95078 outsize=8661 ok=1
Cmd: compileComputeKernel
  api=14 insize=95078 outsize=47580 ok=1
Cmd: compileSnippet
  api=14 type=0 insize=1598 outsize=4151 kw=DIRECTIONAL SHADOWS_SCREEN LIGHTPROBE_SH pd=UNITY_ENABLE_REFLECTION_BUFFERS UNITY_USE_DITHER_MASK_FOR_ALPHABLENDED_SHADOWS UNITY_PBS_USE_BRDF1 UNITY_SPECCUBE_BOX_PROJECTION UNITY_SPECCUBE_BLENDING UNITY_ENABLE_DETAIL_NORMALMAP SHADER_API_DESKTOP UNITY_COLORSPACE_GAMMA UNITY_LIGHT_PROBE_PROXY_VOLUME UNITY_LIGHTMAP_FULL_HDR UNITY_PASS_FORWARDBASE dkw=_EMISSION FOG_LINEAR FOG_EXP FOG_EXP2 INSTANCING_ON _NORMALMAP _ALPHATEST_ON _ALPHABLEND_ON _ALPHAPREMULTIPLY_ON _SPECGLOSSMAP _DETAIL_MULX2 _SMOOTHNESS_TEXTURE_ALBEDO_CHANNEL_A _SPECULARHIGHLIGHTS_OFF _GLOSSYREFLECTIONS_OFF _PARALLAXMAP SHADOWS_SHADOWMASK DYNAMICLIGHTMAP_ON LIGHTMAP_ON LIGHTMAP_SHADOW_MIXING DIRLIGHTMAP_COMBINED VERTEXLIGHT_ON UNITY_NO_DXT5nm UNITY_ENABLE_NATIVE_SHADOW_LOOKUPS UNITY_METAL_SHADOWS_USE_POINT_FILTERING UNITY_NO_SCREENSPACE_SHADOWS UNITY_PBS_USE_BRDF2 UNITY_PBS_USE_BRDF3 UNITY_NO_FULL_STANDARD_SHADER UNITY_HARDWARE_TIER1 UNITY_HARDWARE_TIER2 UNITY_HARDWARE_TIER3 UNITY_HALF_PRECISION_FRAGMENT_SHADER_REGISTERS UNITY_LIGHTMAP_DLDR_ENCODING UNITY_LIGHTMAP_RGBM_ENCODING UNITY_VIRTUAL_TEXTURING ok=1
Cmd: compileSnippet
  api=14 type=1 insize=1298 outsize=1581 kw=SHADOWS_DEPTH _ALPHABLEND_ON pd=UNITY_ENABLE_REFLECTION_BUFFERS UNITY_USE_DITHER_MASK_FOR_ALPHABLENDED_SHADOWS UNITY_PBS_USE_BRDF1 UNITY_SPECCUBE_BOX_PROJECTION UNITY_SPECCUBE_BLENDING UNITY_ENABLE_DETAIL_NORMALMAP SHADER_API_DESKTOP UNITY_COLORSPACE_GAMMA UNITY_LIGHT_PROBE_PROXY_VOLUME UNITY_LIGHTMAP_FULL_HDR UNITY_PASS_SHADOWCASTER dkw=INSTANCING_ON _ALPHATEST_ON _ALPHAPREMULTIPLY_ON _SPECGLOSSMAP _SMOOTHNESS_TEXTURE_ALBEDO_CHANNEL_A _PARALLAXMAP SHADOWS_CUBE UNITY_NO_DXT5nm UNITY_ENABLE_NATIVE_SHADOW_LOOKUPS UNITY_METAL_SHADOWS_USE_POINT_FILTERING UNITY_NO_SCREENSPACE_SHADOWS UNITY_PBS_USE_BRDF2 UNITY_PBS_USE_BRDF3 UNITY_NO_FULL_STANDARD_SHADER UNITY_HARDWARE_TIER1 UNITY_HARDWARE_TIER2 UNITY_HARDWARE_TIER3 UNITY_HALF_PRECISION_FRAGMENT_SHADER_REGISTERS UNITY_LIGHTMAP_DLDR_ENCODING UNITY_LIGHTMAP_RGBM_ENCODING UNITY_VIRTUAL_TEXTURING ok=1
Cmd: compileSnippet
  api=14 type=1 insize=1598 outsize=14920 kw=DIRECTIONAL LIGHTPROBE_SH _ALPHATEST_ON pd=UNITY_ENABLE_REFLECTION_BUFFERS UNITY_USE_DITHER_MASK_FOR_ALPHABLENDED_SHADOWS UNITY_PBS_USE_BRDF1 UNITY_SPECCUBE_BOX_PROJECTION UNITY_SPECCUBE_BLENDING UNITY_ENABLE_DETAIL_NORMALMAP SHADER_API_DESKTOP UNITY_COLORSPACE_GAMMA UNITY_LIGHT_PROBE_PROXY_VOLUME UNITY_LIGHTMAP_FULL_HDR UNITY_PASS_FORWARDBASE dkw=_EMISSION FOG_LINEAR FOG_EXP FOG_EXP2 INSTANCING_ON _NORMALMAP _ALPHABLEND_ON _ALPHAPREMULTIPLY_ON _SPECGLOSSMAP _DETAIL_MULX2 _SMOOTHNESS_TEXTURE_ALBEDO_CHANNEL_A _SPECULARHIGHLIGHTS_OFF _GLOSSYREFLECTIONS_OFF _PARALLAXMAP SHADOWS_SHADOWMASK DYNAMICLIGHTMAP_ON LIGHTMAP_ON LIGHTMAP_SHADOW_MIXING DIRLIGHTMAP_COMBINED SHADOWS_SCREEN UNITY_NO_DXT5nm UNITY_ENABLE_NATIVE_SHADOW_LOOKUPS UNITY_METAL_SHADOWS_USE_POINT_FILTERING UNITY_NO_SCREENSPACE_SHADOWS UNITY_PBS_USE_BRDF2 UNITY_PBS_USE_BRDF3 UNITY_NO_FULL_STANDARD_SHADER UNITY_HARDWARE_TIER1 UNITY_HARDWARE_TIER2 UNITY_HARDWARE_TIER3 UNITY_HALF_PRECISION_FRAGMENT_SHADER_REGISTERS UNITY_LIGHTMAP_DLDR_ENCODING UNITY_LIGHTMAP_RGBM_ENCODING UNITY_VIRTUAL_TEXTURING ok=1

Quitting shader compiler process
