Base path: '/Applications/Unity/Hub/Editor/2020.1.17f1/Unity.app/Contents', plugins path '/Applications/Unity/Hub/Editor/2020.1.17f1/Unity.app/Contents/PlaybackEngines'
Cmd: initializeCompiler
Cmd: compileComputeKernel
  api=14 insize=4231 outsize=6607 ok=1
Cmd: compileComputeKernel
  api=14 insize=17013 outsize=7024 ok=1
Cmd: compileComputeKernel
  api=14 insize=12919 outsize=3524 ok=1
Cmd: compileComputeKernel
  api=14 insize=73293 outsize=10686 ok=1
Cmd: compileComputeKernel
  api=14 insize=12807 outsize=3491 ok=1
Cmd: compileComputeKernel
  api=14 insize=12807 outsize=2965 ok=1
Cmd: compileComputeKernel
  api=14 insize=12807 outsize=2913 ok=1
Cmd: compileComputeKernel
  api=14 insize=57129 outsize=2736 ok=1
Cmd: compileComputeKernel
  api=14 insize=57129 outsize=2469 ok=1
Cmd: compileComputeKernel
  api=14 insize=57129 outsize=3142 ok=1
Cmd: compileComputeKernel
  api=14 insize=57129 outsize=2708 ok=1
Cmd: compileComputeKernel
  api=14 insize=57129 outsize=2510 ok=1
Cmd: compileComputeKernel
  api=14 insize=57129 outsize=2926 ok=1
Cmd: compileComputeKernel
  api=14 insize=57129 outsize=2513 ok=1
Cmd: compileComputeKernel
  api=14 insize=57129 outsize=1445 ok=1
Cmd: compileComputeKernel
  api=14 insize=57129 outsize=2215 ok=1
Cmd: compileComputeKernel
  api=14 insize=57129 outsize=1639 ok=1
Cmd: compileComputeKernel
  api=14 insize=57129 outsize=1293 ok=1
Cmd: compileComputeKernel
  api=14 insize=57129 outsize=1413 ok=1
Cmd: compileComputeKernel
  api=14 insize=57129 outsize=1481 ok=1
Cmd: compileComputeKernel
  api=14 insize=57129 outsize=1236 ok=1
Cmd: compileComputeKernel
  api=14 insize=79953 outsize=1720 ok=1
Cmd: compileComputeKernel
  api=14 insize=79953 outsize=2532 ok=1
Cmd: compileComputeKernel
  api=14 insize=79953 outsize=3036 ok=1
Cmd: compileComputeKernel
  api=14 insize=79953 outsize=4073 ok=1
Cmd: compileComputeKernel
  api=14 insize=79953 outsize=4035 ok=1
Cmd: compileComputeKernel
  api=14 insize=79953 outsize=2556 ok=1
Cmd: compileComputeKernel
  api=14 insize=79953 outsize=2469 ok=1
Cmd: compileComputeKernel
  api=14 insize=79953 outsize=2978 ok=1
Cmd: compileComputeKernel
  api=14 insize=79953 outsize=2595 ok=1
Cmd: compileComputeKernel
  api=14 insize=79953 outsize=2602 ok=1
Cmd: compileComputeKernel
  api=14 insize=79953 outsize=2513 ok=1
Cmd: compileComputeKernel
  api=14 insize=79953 outsize=4161 ok=1
Cmd: compileComputeKernel
  api=14 insize=79953 outsize=6919 ok=1
Cmd: compileComputeKernel
  api=14 insize=95078 outsize=20650 ok=1
Cmd: compileSnippet
  api=14 type=1 insize=1070 outsize=794 kw= pd=UNITY_ENABLE_REFLECTION_BUFFERS UNITY_USE_DITHER_MASK_FOR_ALPHABLENDED_SHADOWS UNITY_PBS_USE_BRDF1 UNITY_SPECCUBE_BOX_PROJECTION UNITY_SPECCUBE_BLENDING UNITY_ENABLE_DETAIL_NORMALMAP SHADER_API_DESKTOP UNITY_COLORSPACE_GAMMA UNITY_LIGHT_PROBE_PROXY_VOLUME UNITY_LIGHTMAP_FULL_HDR dkw=UNITY_NO_DXT5nm UNITY_ENABLE_NATIVE_SHADOW_LOOKUPS UNITY_METAL_SHADOWS_USE_POINT_FILTERING UNITY_NO_SCREENSPACE_SHADOWS UNITY_PBS_USE_BRDF2 UNITY_PBS_USE_BRDF3 UNITY_NO_FULL_STANDARD_SHADER UNITY_HARDWARE_TIER1 UNITY_HARDWARE_TIER2 UNITY_HARDWARE_TIER3 UNITY_HALF_PRECISION_FRAGMENT_SHADER_REGISTERS UNITY_LIGHTMAP_DLDR_ENCODING UNITY_LIGHTMAP_RGBM_ENCODING UNITY_VIRTUAL_TEXTURING ok=1
Cmd: compileSnippet
  api=14 type=1 insize=1298 outsize=1156 kw=SHADOWS_DEPTH _ALPHATEST_ON pd=UNITY_ENABLE_REFLECTION_BUFFERS UNITY_USE_DITHER_MASK_FOR_ALPHABLENDED_SHADOWS UNITY_PBS_USE_BRDF1 UNITY_SPECCUBE_BOX_PROJECTION UNITY_SPECCUBE_BLENDING UNITY_ENABLE_DETAIL_NORMALMAP SHADER_API_DESKTOP UNITY_COLORSPACE_GAMMA UNITY_LIGHT_PROBE_PROXY_VOLUME UNITY_LIGHTMAP_FULL_HDR UNITY_PASS_SHADOWCASTER dkw=INSTANCING_ON _ALPHABLEND_ON _ALPHAPREMULTIPLY_ON _SPECGLOSSMAP _SMOOTHNESS_TEXTURE_ALBEDO_CHANNEL_A _PARALLAXMAP SHADOWS_CUBE UNITY_NO_DXT5nm UNITY_ENABLE_NATIVE_SHADOW_LOOKUPS UNITY_METAL_SHADOWS_USE_POINT_FILTERING UNITY_NO_SCREENSPACE_SHADOWS UNITY_PBS_USE_BRDF2 UNITY_PBS_USE_BRDF3 UNITY_NO_FULL_STANDARD_SHADER UNITY_HARDWARE_TIER1 UNITY_HARDWARE_TIER2 UNITY_HARDWARE_TIER3 UNITY_HALF_PRECISION_FRAGMENT_SHADER_REGISTERS UNITY_LIGHTMAP_DLDR_ENCODING UNITY_LIGHTMAP_RGBM_ENCODING UNITY_VIRTUAL_TEXTURING ok=1

Quitting shader compiler process
